  Source.cpp
Source.cpp(21): warning C4244: '=': conversion from 'float' to 'int', possible loss of data
Source.cpp(104): warning C4244: 'argument': conversion from 'float' to 'int', possible loss of data
Source.cpp(105): warning C4244: 'argument': conversion from 'float' to 'int', possible loss of data
Source.cpp(106): warning C4244: 'argument': conversion from 'float' to 'int', possible loss of data
Source.cpp(107): warning C4244: 'argument': conversion from 'float' to 'int', possible loss of data
Source.cpp(108): warning C4244: 'argument': conversion from 'float' to 'int', possible loss of data
Source.cpp(109): warning C4244: 'argument': conversion from 'float' to 'int', possible loss of data
Source.cpp(111): warning C4244: 'argument': conversion from 'float' to 'int', possible loss of data
Source.cpp(112): warning C4244: 'argument': conversion from 'float' to 'int', possible loss of data
Source.cpp(113): warning C4244: 'argument': conversion from 'float' to 'int', possible loss of data
Source.cpp(114): warning C4244: 'argument': conversion from 'float' to 'int', possible loss of data
Source.cpp(115): warning C4244: 'argument': conversion from 'float' to 'int', possible loss of data
Source.cpp(116): warning C4244: 'argument': conversion from 'float' to 'int', possible loss of data
Source.cpp(62): warning C4101: 'y': unreferenced local variable
Source.cpp(248): warning C4244: '=': conversion from 'double' to 'int', possible loss of data
Source.cpp(249): warning C4244: '=': conversion from 'double' to 'int', possible loss of data
Source.cpp(251): warning C4244: 'argument': conversion from 'double' to 'int', possible loss of data
  Generating code
  347 of 391 functions (88.7%) were compiled, the rest were copied from previous compilation.
    326 functions were new in current compilation
    14 functions had inline decision re-evaluated but remain unchanged
  Finished generating code
  VideoAnalysis.vcxproj -> D:\AI\VideoAnalysis\x64\Release\VideoAnalysis.exe
